<?xml version="1.0" encoding="UTF-8"?>
<!-- Generated by org.testng.reporters.JUnitReportReporter -->
<testsuite hostname="DeepakSoni" failures="0" tests="2" name="test.day1" time="0.018" errors="0" timestamp="2025-06-15T10:21:35 IST" skipped="0">
  <testcase classname="test.day1" name="secondTest" time="0.003"/>
  <testcase classname="test.day1" name="demo" time="0.015"/>
</testsuite> <!-- test.day1 -->
