<?xml version="1.0" encoding="UTF-8"?>
<!-- Generated by org.testng.reporters.JUnitReportReporter -->
<testsuite hostname="DeepakSoni" failures="0" tests="3" name="test.day4" time="0.018" errors="0" timestamp="2025-06-15T10:21:35 IST" skipped="0">
  <testcase classname="test.day4" name="MobileLoginHomeLoan" time="0.002"/>
  <testcase classname="test.day4" name="WebLoginHomeLoan" time="0.004"/>
  <testcase classname="test.day4" name="LoginAPIHomeLoan" time="0.012"/>
</testsuite> <!-- test.day4 -->
