<?xml version="1.0" encoding="UTF-8"?>
<!-- Generated by org.testng.reporters.JUnitReportReporter -->
<testsuite hostname="DeepakSoni" failures="0" tests="19" name="test.day3" time="0.076" errors="0" timestamp="2025-06-15T10:21:35 IST" skipped="2">
  <testcase classname="test.day3" name="MobileLoginCarLoan" time="0.002"/>
  <testcase classname="test.day3" name="Mlogin" time="0.003"/>
  <testcase classname="test.day3" name="paraametr" time="0.002"/>
  <testcase classname="test.day3" name="APICarLoan" time="0.001"/>
  <testcase classname="test.day3" name="MobileSignOutCarLoan" time="0.003"/>
  <testcase classname="test.day3" name="MobileSignOutCarLoan" time="0.002"/>
  <testcase classname="test.day3" name="Mlogin" time="0.005"/>
  <testcase classname="test.day3" name="Mlogin" time="0.004"/>
  <testcase classname="test.day3" name="Mlogin" time="0.023"/>
  <testcase classname="test.day3" name="WebLoginCarLoan" time="0.002"/>
  <testcase classname="test.day3" name="parametr" time="0.001"/>
  <testcase classname="test.day3" name="parametr" time="0.001"/>
  <testcase classname="test.day3" name="MobileLoginCarLoan" time="0.015"/>
  <testcase classname="test.day3" name="Mlogin" time="0.002"/>
  <testcase classname="test.day3" name="paraametr" time="0.003"/>
  <testcase classname="test.day3" name="WebLoginCarLoan" time="0.004"/>
  <testcase classname="test.day3" name="Mlogin" time="0.003"/>
  <testcase classname="test.day3" name="MobileSigninCarLoan">
    <skipped/>
  </testcase> <!-- MobileSigninCarLoan -->
  <testcase classname="test.day3" name="MobileSigninCarLoan">
    <skipped/>
  </testcase> <!-- MobileSigninCarLoan -->
</testsuite> <!-- test.day3 -->
