<?xml version="1.0" encoding="UTF-8"?>
<!-- Generated by org.testng.reporters.JUnitReportReporter -->
<testsuite hostname="DeepakSoni" failures="0" tests="1" name="test.day2" time="0.013" errors="0" timestamp="2025-06-15T10:21:35 IST" skipped="0">
  <testcase classname="test.day2" name="ploan" time="0.013"/>
</testsuite> <!-- test.day2 -->
